

Started GET "/" for ::1 at 2015-01-08 16:11:05 -0800

ActiveRecord::NoDatabaseError (FATAL:  database "blog_app_rails_development" does not exist
):
  activerecord (4.2.0) lib/active_record/connection_adapters/postgresql_adapter.rb:661:in `rescue in connect'
  activerecord (4.2.0) lib/active_record/connection_adapters/postgresql_adapter.rb:651:in `connect'
  activerecord (4.2.0) lib/active_record/connection_adapters/postgresql_adapter.rb:242:in `initialize'
  activerecord (4.2.0) lib/active_record/connection_adapters/postgresql_adapter.rb:44:in `new'
  activerecord (4.2.0) lib/active_record/connection_adapters/postgresql_adapter.rb:44:in `postgresql_connection'
  activerecord (4.2.0) lib/active_record/connection_adapters/abstract/connection_pool.rb:436:in `new_connection'
  activerecord (4.2.0) lib/active_record/connection_adapters/abstract/connection_pool.rb:446:in `checkout_new_connection'
  activerecord (4.2.0) lib/active_record/connection_adapters/abstract/connection_pool.rb:422:in `acquire_connection'
  activerecord (4.2.0) lib/active_record/connection_adapters/abstract/connection_pool.rb:349:in `block in checkout'
  /Users/el-besto/.rbenv/versions/2.1.2/lib/ruby/2.1.0/monitor.rb:211:in `mon_synchronize'
  activerecord (4.2.0) lib/active_record/connection_adapters/abstract/connection_pool.rb:348:in `checkout'
  activerecord (4.2.0) lib/active_record/connection_adapters/abstract/connection_pool.rb:263:in `block in connection'
  /Users/el-besto/.rbenv/versions/2.1.2/lib/ruby/2.1.0/monitor.rb:211:in `mon_synchronize'
  activerecord (4.2.0) lib/active_record/connection_adapters/abstract/connection_pool.rb:262:in `connection'
  activerecord (4.2.0) lib/active_record/connection_adapters/abstract/connection_pool.rb:565:in `retrieve_connection'
  activerecord (4.2.0) lib/active_record/connection_handling.rb:113:in `retrieve_connection'
  activerecord (4.2.0) lib/active_record/connection_handling.rb:87:in `connection'
  activerecord (4.2.0) lib/active_record/migration.rb:384:in `connection'
  activerecord (4.2.0) lib/active_record/migration.rb:371:in `call'
  actionpack (4.2.0) lib/action_dispatch/middleware/callbacks.rb:29:in `block in call'
  activesupport (4.2.0) lib/active_support/callbacks.rb:88:in `call'
  activesupport (4.2.0) lib/active_support/callbacks.rb:88:in `_run_callbacks'
  activesupport (4.2.0) lib/active_support/callbacks.rb:734:in `_run_call_callbacks'
  activesupport (4.2.0) lib/active_support/callbacks.rb:81:in `run_callbacks'
  actionpack (4.2.0) lib/action_dispatch/middleware/callbacks.rb:27:in `call'
  actionpack (4.2.0) lib/action_dispatch/middleware/reloader.rb:73:in `call'
  actionpack (4.2.0) lib/action_dispatch/middleware/remote_ip.rb:78:in `call'
  web-console (2.0.0) lib/action_dispatch/debug_exceptions.rb:18:in `middleware_call'
  web-console (2.0.0) lib/action_dispatch/debug_exceptions.rb:13:in `call'
  actionpack (4.2.0) lib/action_dispatch/middleware/show_exceptions.rb:30:in `call'
  railties (4.2.0) lib/rails/rack/logger.rb:38:in `call_app'
  railties (4.2.0) lib/rails/rack/logger.rb:20:in `block in call'
  activesupport (4.2.0) lib/active_support/tagged_logging.rb:68:in `block in tagged'
  activesupport (4.2.0) lib/active_support/tagged_logging.rb:26:in `tagged'
  activesupport (4.2.0) lib/active_support/tagged_logging.rb:68:in `tagged'
  railties (4.2.0) lib/rails/rack/logger.rb:20:in `call'
  actionpack (4.2.0) lib/action_dispatch/middleware/request_id.rb:21:in `call'
  rack (1.6.0) lib/rack/methodoverride.rb:22:in `call'
  rack (1.6.0) lib/rack/runtime.rb:18:in `call'
  activesupport (4.2.0) lib/active_support/cache/strategy/local_cache_middleware.rb:28:in `call'
  rack (1.6.0) lib/rack/lock.rb:17:in `call'
  actionpack (4.2.0) lib/action_dispatch/middleware/static.rb:113:in `call'
  rack (1.6.0) lib/rack/sendfile.rb:113:in `call'
  railties (4.2.0) lib/rails/engine.rb:518:in `call'
  railties (4.2.0) lib/rails/application.rb:164:in `call'
  rack (1.6.0) lib/rack/lock.rb:17:in `call'
  rack (1.6.0) lib/rack/content_length.rb:15:in `call'
  rack (1.6.0) lib/rack/handler/webrick.rb:89:in `service'
  /Users/el-besto/.rbenv/versions/2.1.2/lib/ruby/2.1.0/webrick/httpserver.rb:138:in `service'
  /Users/el-besto/.rbenv/versions/2.1.2/lib/ruby/2.1.0/webrick/httpserver.rb:94:in `run'
  /Users/el-besto/.rbenv/versions/2.1.2/lib/ruby/2.1.0/webrick/server.rb:295:in `block in start_thread'


  Rendered /Users/el-besto/.rbenv/versions/2.1.2/lib/ruby/gems/2.1.0/gems/web-console-2.0.0/lib/action_dispatch/templates/rescues/_source.erb (2.2ms)
  Rendered /Users/el-besto/.rbenv/versions/2.1.2/lib/ruby/gems/2.1.0/gems/web-console-2.0.0/lib/action_dispatch/templates/rescues/_trace.html.erb (1.2ms)
  Rendered /Users/el-besto/.rbenv/versions/2.1.2/lib/ruby/gems/2.1.0/gems/web-console-2.0.0/lib/action_dispatch/templates/rescues/_request_and_response.html.erb (0.6ms)
  Rendered /Users/el-besto/.rbenv/versions/2.1.2/lib/ruby/gems/2.1.0/gems/web-console-2.0.0/lib/action_dispatch/templates/rescues/_web_console.html.erb (0.6ms)
  Rendered /Users/el-besto/.rbenv/versions/2.1.2/lib/ruby/gems/2.1.0/gems/web-console-2.0.0/lib/action_dispatch/templates/rescues/diagnostics.html.erb within rescues/layout (25.3ms)


Started GET "/" for ::1 at 2015-01-08 16:11:51 -0800
Processing by Rails::WelcomeController#index as HTML
  Rendered /Users/el-besto/.rbenv/versions/2.1.2/lib/ruby/gems/2.1.0/gems/railties-4.2.0/lib/rails/templates/rails/welcome/index.html.erb (2.8ms)
Completed 200 OK in 27ms (Views: 16.7ms | ActiveRecord: 0.0ms)


Started GET "/creatures" for ::1 at 2015-01-08 16:12:36 -0800

ActionController::RoutingError (No route matches [GET] "/creatures"):
  web-console (2.0.0) lib/action_dispatch/debug_exceptions.rb:22:in `middleware_call'
  web-console (2.0.0) lib/action_dispatch/debug_exceptions.rb:13:in `call'
  actionpack (4.2.0) lib/action_dispatch/middleware/show_exceptions.rb:30:in `call'
  railties (4.2.0) lib/rails/rack/logger.rb:38:in `call_app'
  railties (4.2.0) lib/rails/rack/logger.rb:20:in `block in call'
  activesupport (4.2.0) lib/active_support/tagged_logging.rb:68:in `block in tagged'
  activesupport (4.2.0) lib/active_support/tagged_logging.rb:26:in `tagged'
  activesupport (4.2.0) lib/active_support/tagged_logging.rb:68:in `tagged'
  railties (4.2.0) lib/rails/rack/logger.rb:20:in `call'
  actionpack (4.2.0) lib/action_dispatch/middleware/request_id.rb:21:in `call'
  rack (1.6.0) lib/rack/methodoverride.rb:22:in `call'
  rack (1.6.0) lib/rack/runtime.rb:18:in `call'
  activesupport (4.2.0) lib/active_support/cache/strategy/local_cache_middleware.rb:28:in `call'
  rack (1.6.0) lib/rack/lock.rb:17:in `call'
  actionpack (4.2.0) lib/action_dispatch/middleware/static.rb:113:in `call'
  rack (1.6.0) lib/rack/sendfile.rb:113:in `call'
  railties (4.2.0) lib/rails/engine.rb:518:in `call'
  railties (4.2.0) lib/rails/application.rb:164:in `call'
  rack (1.6.0) lib/rack/lock.rb:17:in `call'
  rack (1.6.0) lib/rack/content_length.rb:15:in `call'
  rack (1.6.0) lib/rack/handler/webrick.rb:89:in `service'
  /Users/el-besto/.rbenv/versions/2.1.2/lib/ruby/2.1.0/webrick/httpserver.rb:138:in `service'
  /Users/el-besto/.rbenv/versions/2.1.2/lib/ruby/2.1.0/webrick/httpserver.rb:94:in `run'
  /Users/el-besto/.rbenv/versions/2.1.2/lib/ruby/2.1.0/webrick/server.rb:295:in `block in start_thread'


  Rendered /Users/el-besto/.rbenv/versions/2.1.2/lib/ruby/gems/2.1.0/gems/web-console-2.0.0/lib/action_dispatch/templates/rescues/_trace.html.erb (0.9ms)
  Rendered /Users/el-besto/.rbenv/versions/2.1.2/lib/ruby/gems/2.1.0/gems/web-console-2.0.0/lib/action_dispatch/templates/routes/_table.html.erb (12.8ms)
  Rendered /Users/el-besto/.rbenv/versions/2.1.2/lib/ruby/gems/2.1.0/gems/web-console-2.0.0/lib/action_dispatch/templates/rescues/_request_and_response.html.erb (12.4ms)
  Rendered /Users/el-besto/.rbenv/versions/2.1.2/lib/ruby/gems/2.1.0/gems/web-console-2.0.0/lib/action_dispatch/templates/rescues/_web_console.html.erb (0.7ms)
  Rendered /Users/el-besto/.rbenv/versions/2.1.2/lib/ruby/gems/2.1.0/gems/web-console-2.0.0/lib/action_dispatch/templates/rescues/routing_error.html.erb within rescues/layout (50.3ms)


Started GET "/" for ::1 at 2015-01-08 16:12:39 -0800
Processing by Rails::WelcomeController#index as HTML
  Rendered /Users/el-besto/.rbenv/versions/2.1.2/lib/ruby/gems/2.1.0/gems/railties-4.2.0/lib/rails/templates/rails/welcome/index.html.erb (0.6ms)
Completed 200 OK in 4ms (Views: 4.0ms | ActiveRecord: 0.0ms)
  [1m[36m (22.5ms)[0m  [1mCREATE TABLE "schema_migrations" ("version" character varying NOT NULL) [0m
  [1m[35m (4.2ms)[0m  CREATE UNIQUE INDEX  "unique_schema_migrations" ON "schema_migrations"  ("version")
  [1m[36mActiveRecord::SchemaMigration Load (1.4ms)[0m  [1mSELECT "schema_migrations".* FROM "schema_migrations"[0m
Migrating to CreateUsers (20150109221253)
  [1m[35m (0.1ms)[0m  BEGIN
  [1m[36m (19.8ms)[0m  [1mCREATE TABLE "users" ("id" serial primary key, "first_name" character varying, "last_name" character varying, "email" character varying, "created_at" timestamp NOT NULL, "updated_at" timestamp NOT NULL) [0m
  [1m[35mSQL (1.4ms)[0m  INSERT INTO "schema_migrations" ("version") VALUES ($1)  [["version", "20150109221253"]]
  [1m[36m (0.3ms)[0m  [1mCOMMIT[0m
Migrating to CreateArticles (20150109221724)
  [1m[35m (1.2ms)[0m  BEGIN
  [1m[36m (11.2ms)[0m  [1mCREATE TABLE "articles" ("id" serial primary key, "title" character varying, "author" character varying, "content" text, "created_at" timestamp NOT NULL, "updated_at" timestamp NOT NULL) [0m
  [1m[35mSQL (0.2ms)[0m  INSERT INTO "schema_migrations" ("version") VALUES ($1)  [["version", "20150109221724"]]
  [1m[36m (0.3ms)[0m  [1mCOMMIT[0m
  [1m[35mActiveRecord::SchemaMigration Load (0.7ms)[0m  SELECT "schema_migrations".* FROM "schema_migrations"
  [1m[36m (3.3ms)[0m  [1mSELECT t2.oid::regclass::text AS to_table, a1.attname AS column, a2.attname AS primary_key, c.conname AS name, c.confupdtype AS on_update, c.confdeltype AS on_delete
FROM pg_constraint c
JOIN pg_class t1 ON c.conrelid = t1.oid
JOIN pg_class t2 ON c.confrelid = t2.oid
JOIN pg_attribute a1 ON a1.attnum = c.conkey[1] AND a1.attrelid = t1.oid
JOIN pg_attribute a2 ON a2.attnum = c.confkey[1] AND a2.attrelid = t2.oid
JOIN pg_namespace t3 ON c.connamespace = t3.oid
WHERE c.contype = 'f'
  AND t1.relname = 'articles'
  AND t3.nspname = ANY (current_schemas(false))
ORDER BY c.conname
[0m
  [1m[35m (2.7ms)[0m  SELECT t2.oid::regclass::text AS to_table, a1.attname AS column, a2.attname AS primary_key, c.conname AS name, c.confupdtype AS on_update, c.confdeltype AS on_delete
FROM pg_constraint c
JOIN pg_class t1 ON c.conrelid = t1.oid
JOIN pg_class t2 ON c.confrelid = t2.oid
JOIN pg_attribute a1 ON a1.attnum = c.conkey[1] AND a1.attrelid = t1.oid
JOIN pg_attribute a2 ON a2.attnum = c.confkey[1] AND a2.attrelid = t2.oid
JOIN pg_namespace t3 ON c.connamespace = t3.oid
WHERE c.contype = 'f'
  AND t1.relname = 'users'
  AND t3.nspname = ANY (current_schemas(false))
ORDER BY c.conname

  [1m[36m (0.1ms)[0m  [1mBEGIN[0m
  [1m[35mSQL (3.1ms)[0m  INSERT INTO "users" ("first_name", "last_name", "email", "created_at", "updated_at") VALUES ($1, $2, $3, $4, $5) RETURNING "id"  [["first_name", "Angelo"], ["last_name", "Cisneros"], ["email", "a.e.cisneros@gmail.com"], ["created_at", "2015-01-09 22:19:03.206207"], ["updated_at", "2015-01-09 22:19:03.206207"]]
  [1m[36m (0.7ms)[0m  [1mCOMMIT[0m
  [1m[35m (0.1ms)[0m  BEGIN
  [1m[36mSQL (3.3ms)[0m  [1mINSERT INTO "articles" ("title", "author", "content", "created_at", "updated_at") VALUES ($1, $2, $3, $4, $5) RETURNING "id"[0m  [["title", "first blog post"], ["author", "Angelo"], ["content", "here is the content for my first blog post... not that interesting but that is what I have to work with"], ["created_at", "2015-01-09 22:20:49.522736"], ["updated_at", "2015-01-09 22:20:49.522736"]]
  [1m[35m (0.7ms)[0m  COMMIT


Started GET "/" for ::1 at 2015-01-09 14:24:48 -0800
  [1m[36mActiveRecord::SchemaMigration Load (1.2ms)[0m  [1mSELECT "schema_migrations".* FROM "schema_migrations"[0m

SyntaxError (/Users/el-besto/learn/ga-wdi/labs/blog_app_rails/app/controllers/articles_controller.rb:4: syntax error, unexpected ':', expecting keyword_end
    render: index
           ^):
  app/controllers/articles_controller.rb:4: syntax error, unexpected ':', expecting keyword_end


  Rendered /Users/el-besto/.rbenv/versions/2.1.2/lib/ruby/gems/2.1.0/gems/web-console-2.0.0/lib/action_dispatch/templates/rescues/_source.erb (2.7ms)
  Rendered /Users/el-besto/.rbenv/versions/2.1.2/lib/ruby/gems/2.1.0/gems/web-console-2.0.0/lib/action_dispatch/templates/rescues/_trace.html.erb (1.4ms)
  Rendered /Users/el-besto/.rbenv/versions/2.1.2/lib/ruby/gems/2.1.0/gems/web-console-2.0.0/lib/action_dispatch/templates/rescues/_request_and_response.html.erb (10.9ms)
  Rendered /Users/el-besto/.rbenv/versions/2.1.2/lib/ruby/gems/2.1.0/gems/web-console-2.0.0/lib/action_dispatch/templates/rescues/_web_console.html.erb (0.8ms)
  Rendered /Users/el-besto/.rbenv/versions/2.1.2/lib/ruby/gems/2.1.0/gems/web-console-2.0.0/lib/action_dispatch/templates/rescues/diagnostics.html.erb within rescues/layout (42.1ms)


Started GET "/" for ::1 at 2015-01-09 14:26:44 -0800
Processing by ArticlesController#index as HTML
  Rendered articles/index.html.erb within layouts/application (0.3ms)
Completed 200 OK in 766ms (Views: 763.0ms | ActiveRecord: 0.0ms)


Started GET "/assets/articles-069e88c06b889877799890854d7f4c40.css?body=1" for ::1 at 2015-01-09 14:26:45 -0800


Started GET "/assets/application-823e88bf1231c4323ee1d35731d8f1b6.css?body=1" for ::1 at 2015-01-09 14:26:45 -0800


Started GET "/assets/jquery-eb3e278249152b5b5d5170b73d9dbf52.js?body=1" for ::1 at 2015-01-09 14:26:45 -0800


Started GET "/assets/users-069e88c06b889877799890854d7f4c40.css?body=1" for ::1 at 2015-01-09 14:26:45 -0800


Started GET "/assets/jquery_ujs-0b8f09cf5aec4ba1be1abd9f915c77e2.js?body=1" for ::1 at 2015-01-09 14:26:45 -0800


Started GET "/assets/turbolinks-924184401b7d116eadaaefc96895fa84.js?body=1" for ::1 at 2015-01-09 14:26:45 -0800


Started GET "/assets/articles-8f6eecd1178ef85964369ec66d33c4f1.js?body=1" for ::1 at 2015-01-09 14:26:45 -0800


Started GET "/assets/users-8f6eecd1178ef85964369ec66d33c4f1.js?body=1" for ::1 at 2015-01-09 14:26:45 -0800


Started GET "/assets/application-18f10afd70767e0049304380ce89b979.js?body=1" for ::1 at 2015-01-09 14:26:45 -0800


Started GET "/" for ::1 at 2015-01-09 14:27:34 -0800
Processing by ArticlesController#index as HTML
  [1m[35mArticle Load (2.2ms)[0m  SELECT "articles".* FROM "articles"
  Rendered articles/index.html.erb within layouts/application (12.6ms)
Completed 200 OK in 56ms (Views: 47.2ms | ActiveRecord: 8.6ms)


Started GET "/assets/application-823e88bf1231c4323ee1d35731d8f1b6.css?body=1" for ::1 at 2015-01-09 14:27:34 -0800


Started GET "/assets/jquery-eb3e278249152b5b5d5170b73d9dbf52.js?body=1" for ::1 at 2015-01-09 14:27:34 -0800


Started GET "/assets/users-069e88c06b889877799890854d7f4c40.css?body=1" for ::1 at 2015-01-09 14:27:34 -0800


Started GET "/assets/articles-069e88c06b889877799890854d7f4c40.css?body=1" for ::1 at 2015-01-09 14:27:34 -0800


Started GET "/assets/jquery_ujs-0b8f09cf5aec4ba1be1abd9f915c77e2.js?body=1" for ::1 at 2015-01-09 14:27:34 -0800


Started GET "/assets/turbolinks-924184401b7d116eadaaefc96895fa84.js?body=1" for ::1 at 2015-01-09 14:27:34 -0800


Started GET "/assets/articles-8f6eecd1178ef85964369ec66d33c4f1.js?body=1" for ::1 at 2015-01-09 14:27:34 -0800


Started GET "/assets/users-8f6eecd1178ef85964369ec66d33c4f1.js?body=1" for ::1 at 2015-01-09 14:27:34 -0800


Started GET "/assets/application-18f10afd70767e0049304380ce89b979.js?body=1" for ::1 at 2015-01-09 14:27:34 -0800


Started GET "/" for ::1 at 2015-01-09 14:28:07 -0800
Processing by ArticlesController#index as HTML
  [1m[36mArticle Load (0.2ms)[0m  [1mSELECT "articles".* FROM "articles"[0m
  Rendered articles/index.html.erb within layouts/application (1.0ms)
Completed 200 OK in 48ms (Views: 47.6ms | ActiveRecord: 0.2ms)


Started GET "/assets/articles-069e88c06b889877799890854d7f4c40.css?body=1" for ::1 at 2015-01-09 14:28:07 -0800


Started GET "/assets/jquery_ujs-0b8f09cf5aec4ba1be1abd9f915c77e2.js?body=1" for ::1 at 2015-01-09 14:28:07 -0800


Started GET "/assets/jquery-eb3e278249152b5b5d5170b73d9dbf52.js?body=1" for ::1 at 2015-01-09 14:28:07 -0800


Started GET "/assets/application-823e88bf1231c4323ee1d35731d8f1b6.css?body=1" for ::1 at 2015-01-09 14:28:07 -0800


Started GET "/assets/users-069e88c06b889877799890854d7f4c40.css?body=1" for ::1 at 2015-01-09 14:28:07 -0800


Started GET "/assets/turbolinks-924184401b7d116eadaaefc96895fa84.js?body=1" for ::1 at 2015-01-09 14:28:07 -0800


Started GET "/assets/articles-8f6eecd1178ef85964369ec66d33c4f1.js?body=1" for ::1 at 2015-01-09 14:28:07 -0800


Started GET "/assets/users-8f6eecd1178ef85964369ec66d33c4f1.js?body=1" for ::1 at 2015-01-09 14:28:07 -0800


Started GET "/assets/application-18f10afd70767e0049304380ce89b979.js?body=1" for ::1 at 2015-01-09 14:28:07 -0800


Started GET "/" for ::1 at 2015-01-09 14:29:00 -0800
Processing by ArticlesController#index as HTML
  [1m[35mArticle Load (0.2ms)[0m  SELECT "articles".* FROM "articles"
  Rendered articles/index.html.erb within layouts/application (0.9ms)
Completed 200 OK in 49ms (Views: 48.0ms | ActiveRecord: 0.2ms)


Started GET "/assets/articles-069e88c06b889877799890854d7f4c40.css?body=1" for ::1 at 2015-01-09 14:29:00 -0800


Started GET "/assets/jquery_ujs-0b8f09cf5aec4ba1be1abd9f915c77e2.js?body=1" for ::1 at 2015-01-09 14:29:00 -0800


Started GET "/assets/application-823e88bf1231c4323ee1d35731d8f1b6.css?body=1" for ::1 at 2015-01-09 14:29:00 -0800


Started GET "/assets/users-069e88c06b889877799890854d7f4c40.css?body=1" for ::1 at 2015-01-09 14:29:00 -0800


Started GET "/assets/jquery-eb3e278249152b5b5d5170b73d9dbf52.js?body=1" for ::1 at 2015-01-09 14:29:00 -0800


Started GET "/assets/turbolinks-924184401b7d116eadaaefc96895fa84.js?body=1" for ::1 at 2015-01-09 14:29:00 -0800


Started GET "/assets/articles-8f6eecd1178ef85964369ec66d33c4f1.js?body=1" for ::1 at 2015-01-09 14:29:00 -0800


Started GET "/assets/users-8f6eecd1178ef85964369ec66d33c4f1.js?body=1" for ::1 at 2015-01-09 14:29:00 -0800


Started GET "/assets/application-18f10afd70767e0049304380ce89b979.js?body=1" for ::1 at 2015-01-09 14:29:00 -0800


Started GET "/" for ::1 at 2015-01-09 14:31:29 -0800
Processing by ArticlesController#index as HTML
  [1m[36mArticle Load (0.2ms)[0m  [1mSELECT "articles".* FROM "articles"[0m
  Rendered articles/index.html.erb within layouts/application (4.7ms)
Completed 200 OK in 56ms (Views: 50.0ms | ActiveRecord: 1.9ms)


Started GET "/assets/articles-069e88c06b889877799890854d7f4c40.css?body=1" for ::1 at 2015-01-09 14:31:29 -0800


Started GET "/assets/turbolinks-924184401b7d116eadaaefc96895fa84.js?body=1" for ::1 at 2015-01-09 14:31:29 -0800


Started GET "/assets/application-823e88bf1231c4323ee1d35731d8f1b6.css?body=1" for ::1 at 2015-01-09 14:31:29 -0800


Started GET "/assets/jquery-eb3e278249152b5b5d5170b73d9dbf52.js?body=1" for ::1 at 2015-01-09 14:31:29 -0800


Started GET "/assets/jquery_ujs-0b8f09cf5aec4ba1be1abd9f915c77e2.js?body=1" for ::1 at 2015-01-09 14:31:29 -0800


Started GET "/assets/users-069e88c06b889877799890854d7f4c40.css?body=1" for ::1 at 2015-01-09 14:31:29 -0800


Started GET "/assets/articles-8f6eecd1178ef85964369ec66d33c4f1.js?body=1" for ::1 at 2015-01-09 14:31:29 -0800


Started GET "/assets/users-8f6eecd1178ef85964369ec66d33c4f1.js?body=1" for ::1 at 2015-01-09 14:31:29 -0800


Started GET "/assets/application-18f10afd70767e0049304380ce89b979.js?body=1" for ::1 at 2015-01-09 14:31:29 -0800


Started GET "/articles/new" for ::1 at 2015-01-09 14:31:34 -0800

ActionController::RoutingError (No route matches [GET] "/articles/new"):
  web-console (2.0.0) lib/action_dispatch/debug_exceptions.rb:22:in `middleware_call'
  web-console (2.0.0) lib/action_dispatch/debug_exceptions.rb:13:in `call'
  actionpack (4.2.0) lib/action_dispatch/middleware/show_exceptions.rb:30:in `call'
  railties (4.2.0) lib/rails/rack/logger.rb:38:in `call_app'
  railties (4.2.0) lib/rails/rack/logger.rb:20:in `block in call'
  activesupport (4.2.0) lib/active_support/tagged_logging.rb:68:in `block in tagged'
  activesupport (4.2.0) lib/active_support/tagged_logging.rb:26:in `tagged'
  activesupport (4.2.0) lib/active_support/tagged_logging.rb:68:in `tagged'
  railties (4.2.0) lib/rails/rack/logger.rb:20:in `call'
  actionpack (4.2.0) lib/action_dispatch/middleware/request_id.rb:21:in `call'
  rack (1.6.0) lib/rack/methodoverride.rb:22:in `call'
  rack (1.6.0) lib/rack/runtime.rb:18:in `call'
  activesupport (4.2.0) lib/active_support/cache/strategy/local_cache_middleware.rb:28:in `call'
  rack (1.6.0) lib/rack/lock.rb:17:in `call'
  actionpack (4.2.0) lib/action_dispatch/middleware/static.rb:113:in `call'
  rack (1.6.0) lib/rack/sendfile.rb:113:in `call'
  railties (4.2.0) lib/rails/engine.rb:518:in `call'
  railties (4.2.0) lib/rails/application.rb:164:in `call'
  rack (1.6.0) lib/rack/lock.rb:17:in `call'
  rack (1.6.0) lib/rack/content_length.rb:15:in `call'
  rack (1.6.0) lib/rack/handler/webrick.rb:89:in `service'
  /Users/el-besto/.rbenv/versions/2.1.2/lib/ruby/2.1.0/webrick/httpserver.rb:138:in `service'
  /Users/el-besto/.rbenv/versions/2.1.2/lib/ruby/2.1.0/webrick/httpserver.rb:94:in `run'
  /Users/el-besto/.rbenv/versions/2.1.2/lib/ruby/2.1.0/webrick/server.rb:295:in `block in start_thread'


  Rendered /Users/el-besto/.rbenv/versions/2.1.2/lib/ruby/gems/2.1.0/gems/web-console-2.0.0/lib/action_dispatch/templates/rescues/_trace.html.erb (1.0ms)
  Rendered /Users/el-besto/.rbenv/versions/2.1.2/lib/ruby/gems/2.1.0/gems/web-console-2.0.0/lib/action_dispatch/templates/routes/_route.html.erb (0.6ms)
  Rendered /Users/el-besto/.rbenv/versions/2.1.2/lib/ruby/gems/2.1.0/gems/web-console-2.0.0/lib/action_dispatch/templates/routes/_table.html.erb (14.3ms)
  Rendered /Users/el-besto/.rbenv/versions/2.1.2/lib/ruby/gems/2.1.0/gems/web-console-2.0.0/lib/action_dispatch/templates/rescues/_request_and_response.html.erb (1.1ms)
  Rendered /Users/el-besto/.rbenv/versions/2.1.2/lib/ruby/gems/2.1.0/gems/web-console-2.0.0/lib/action_dispatch/templates/rescues/_web_console.html.erb (0.7ms)
  Rendered /Users/el-besto/.rbenv/versions/2.1.2/lib/ruby/gems/2.1.0/gems/web-console-2.0.0/lib/action_dispatch/templates/rescues/routing_error.html.erb within rescues/layout (47.9ms)


Started GET "/articles/new" for ::1 at 2015-01-09 14:31:51 -0800
Processing by ArticlesController#new as HTML
  Rendered articles/new.html.erb within layouts/application (0.3ms)
Completed 200 OK in 66ms (Views: 65.7ms | ActiveRecord: 0.0ms)


Started GET "/assets/application-823e88bf1231c4323ee1d35731d8f1b6.css?body=1" for ::1 at 2015-01-09 14:31:51 -0800


Started GET "/assets/articles-069e88c06b889877799890854d7f4c40.css?body=1" for ::1 at 2015-01-09 14:31:51 -0800


Started GET "/assets/users-069e88c06b889877799890854d7f4c40.css?body=1" for ::1 at 2015-01-09 14:31:51 -0800


Started GET "/assets/turbolinks-924184401b7d116eadaaefc96895fa84.js?body=1" for ::1 at 2015-01-09 14:31:51 -0800


Started GET "/assets/jquery-eb3e278249152b5b5d5170b73d9dbf52.js?body=1" for ::1 at 2015-01-09 14:31:51 -0800


Started GET "/assets/jquery_ujs-0b8f09cf5aec4ba1be1abd9f915c77e2.js?body=1" for ::1 at 2015-01-09 14:31:51 -0800


Started GET "/assets/articles-8f6eecd1178ef85964369ec66d33c4f1.js?body=1" for ::1 at 2015-01-09 14:31:51 -0800


Started GET "/assets/users-8f6eecd1178ef85964369ec66d33c4f1.js?body=1" for ::1 at 2015-01-09 14:31:51 -0800


Started GET "/assets/application-18f10afd70767e0049304380ce89b979.js?body=1" for ::1 at 2015-01-09 14:31:51 -0800
